<?xml version="1.0" encoding="UTF-8"?>
<!-- Generated by org.testng.reporters.JUnitReportReporter -->
<testsuite hostname="DESKTOP-C95RPDE" failures="0" tests="3" name="pomPages.RealTest" time="217.215" errors="0" timestamp="2020-12-22T23:48:07 IST" skipped="0">
  <testcase classname="pomPages.RealTest" name="search" time="48.755"/>
  <system-out/>
  <testcase classname="pomPages.RealTest" name="search" time="72.874"/>
  <system-out/>
  <testcase classname="pomPages.RealTest" name="search" time="95.586"/>
  <system-out/>
</testsuite> <!-- pomPages.RealTest -->
