<?xml version="1.0" encoding="UTF-8"?>
<!-- Generated by org.testng.reporters.JUnitReportReporter -->
<testsuite hostname="DESKTOP-C95RPDE" failures="0" tests="1" name="testNG.EbayTest" time="43.143" errors="0" timestamp="2021-01-13T17:18:53 IST" skipped="0">
  <testcase classname="testNG.EbayTest" name="search" time="43.143"/>
  <system-out/>
</testsuite> <!-- testNG.EbayTest -->
