<?xml version="1.0" encoding="UTF-8"?>
<!-- Generated by org.testng.reporters.JUnitReportReporter -->
<testsuite hostname="DESKTOP-C95RPDE" failures="0" tests="3" name="testNG.DataDriven" time="89.019" errors="0" timestamp="2020-12-20T18:18:38 IST" skipped="0">
  <testcase classname="testNG.DataDriven" name="search" time="43.545"/>
  <system-out/>
  <testcase classname="testNG.DataDriven" name="search" time="25.774"/>
  <system-out/>
  <testcase classname="testNG.DataDriven" name="search" time="19.700"/>
  <system-out/>
</testsuite> <!-- testNG.DataDriven -->
