<?xml version="1.0" encoding="UTF-8"?>
<!-- Generated by org.testng.reporters.JUnitReportReporter -->
<testsuite hostname="DESKTOP-C95RPDE" failures="0" tests="1" name="testNG.KeywordDriven" time="30.216" errors="0" timestamp="2020-12-24T21:27:15 IST" skipped="0">
  <testcase classname="testNG.KeywordDriven" name="sampletest" time="30.216"/>
  <system-out/>
</testsuite> <!-- testNG.KeywordDriven -->
