<?xml version="1.0" encoding="UTF-8"?>
<!-- Generated by org.testng.reporters.JUnitReportReporter -->
<testsuite hostname="DESKTOP-Q9P89L7" failures="0" tests="1" name="com.pack.www.Demo1" time="86.502" errors="0" timestamp="2020-11-02T15:12:34 IST" skipped="0">
  <testcase classname="com.pack.www.Demo1" name="setUp" time="86.502"/>
  <system-out/>
</testsuite> <!-- com.pack.www.Demo1 -->
