<?xml version="1.0" encoding="UTF-8"?>
<!-- Generated by org.testng.reporters.JUnitReportReporter -->
<testsuite hostname="DESKTOP-Q9P89L7" failures="0" tests="2" name="com.rest.DynamicPayload" time="6.575" errors="0" timestamp="2020-11-08T16:11:01 IST" skipped="0">
  <testcase classname="com.rest.DynamicPayload" name="dynamic" time="2.060"/>
  <system-out/>
  <testcase classname="com.rest.DynamicPayload" name="dynamic" time="4.515"/>
  <system-out/>
</testsuite> <!-- com.rest.DynamicPayload -->
